C51 COMPILER V9.52.0.0   15W_SPI                                                           01/03/2019 08:50:41 PAGE 1   


C51 COMPILER V9.52.0.0, COMPILATION OF MODULE 15W_SPI
OBJECT MODULE PLACED IN .\output\15W-SPI.obj
COMPILER INVOKED BY: d:\Keil\C51\BIN\C51.EXE source\15W-SPI.C BROWSE DEBUG OBJECTEXTEND PRINT(.\15W-SPI.lst) TABS(2) OBJ
                    -ECT(.\output\15W-SPI.obj)

line level    source

   1          #include "STC15F2K60S2.H"
   2          #include "STC15_SPI.h"
   3          #include "uart.h"
   4          #include "LTC1864.H" 
   5          
   6          
   7          #define     URMD    0           //0:使用定时器2作为波特率发生器
   8                                          //1:使用定时器1的模式0(16位自动重载模式)作为波特率发生器
   9                                          //2:使用定时器1的模式2(8位自动重载模式)作为波特率发生器
  10          
  11          #define SPIF        0x80        //SPSTAT.7                                
  12          #define WCOL        0x40        //SPSTAT.6                                
  13          #define SSIG        0x80        //SPCTL.7                                 
  14          #define SPEN        0x40        //SPCTL.6                                 
  15          #define DORD        0x20        //SPCTL.5                                 
  16          #define MSTR        0x10        //SPCTL.4                                 
  17          #define CPOL        0x08        //SPCTL.3                                 
  18          #define CPHA        0x04        //SPCTL.2                                 
  19          #define SPDHH       0x00        //CPU_CLK/4                               
  20          #define SPDH        0x01        //CPU_CLK/16                              
  21          #define SPDL        0x02        //CPU_CLK/64                              
  22          #define SPDLL       0x03        //CPU_CLK/128                             
  23          sbit SPISS      =   P1^2;       //SPI从机选择口, 连接到其它MCU的SS口
  24                                          //当SPI为一主多从模式时,请使用主机的普通IO口连接到从机的SS口
  25          #define ESPI        0x02        //IE2.1
  26          
  27          void InitSPI();
  28          void SPI_Send_Byte(unsigned char  dat);
  29          
  30          
  31          bit sendok_flg=0;
  32          bit receive_flag=0;
  33          SPI_BUF spibuf ;
  34          
  35          
  36          ///////////////////////////////////////////////////////////
  37          
  38          void spi_isr() interrupt 9 using 1     //SPI中断服务程序 9 (004BH)
  39          {
  40   1        unsigned char ch=0x00;
  41   1        SPSTAT = 0xc0;
  42   1        ch=SPDAT;
  43   1        SPDAT=0x00; 
  44   1        if(sendok_flg==0)
  45   1        {
  46   2          if(ch=='#')
  47   2          {
  48   3            spibuf.index=0; 
  49   3            receive_flag=1;
  50   3          }
  51   2          if(receive_flag)
  52   2          {
  53   3                spibuf.buf[spibuf.index] = ch;        //字符存到数组中
  54   3          }
C51 COMPILER V9.52.0.0   15W_SPI                                                           01/03/2019 08:50:41 PAGE 2   

  55   2          if(ch=='\n'&&receive_flag)
  56   2          {
  57   3            receive_flag=0;
  58   3            sendok_flg=1;
  59   3          }
  60   2          else
  61   2          {
  62   3            if(spibuf.index>=19)spibuf.index=0;
  63   3            spibuf.index++;
  64   3          }
  65   2      
  66   2        }
  67   1      
  68   1      
  69   1      }
  70          
  71          
  72          ///////////////////////////////////////////////////////////
  73          
  74          void InitSPI()
  75          {
  76   1        SPISS=0;
  77   1        SPDAT =0;
  78   1        SPSTAT = 0xC0;
  79   1        SPCTL = 0x46; 
  80   1          IE2 |= ESPI;
  81   1        IP2 |=0x02;           //SPI中断优先级最高
  82   1          EA = 1;
  83   1      
  84   1      
  85   1      }
  86          
  87          
  88          
  89          //void clear_buf_spi()
  90          //{
  91          //    xdata unsigned int i = 0 ,c ;
  92          //    c = 20;
  93          //    spibuf.index = 0 ;
  94          //
  95          //    for( i = 0 ; i < c ; i ++)
  96          //    {
  97          //        spibuf.buf[i] = 0x0 ;
  98          //    }
  99          //
 100          //}
 101          
 102          /*************************************************************************
 103                     SPI发送字节
 104          **************************************************************************/
 105          void SPI_Send_Byte(unsigned char  dat)
 106          {   
 107   1        IE2 &= ~ESPI;
 108   1        SPDAT = dat;
 109   1        while(!(SPSTAT & SPIF));  
 110   1          IE2 |= ESPI;
 111   1        SPSTAT = 0xC0; 
 112   1      }
 113          
 114          void SPI_Send_String(unsigned char * buf)
 115          {
 116   1      
C51 COMPILER V9.52.0.0   15W_SPI                                                           01/03/2019 08:50:41 PAGE 3   

 117   1          while(*buf)
 118   1          {
 119   2              SPI_Send_Byte(*buf++);
 120   2          }
 121   1          IE2 |= ESPI;
 122   1      
 123   1      }
 124          
 125          


MODULE INFORMATION:   STATIC OVERLAYABLE
   CODE SIZE        =    156    ----
   CONSTANT SIZE    =   ----    ----
   XDATA SIZE       =   ----    ----
   PDATA SIZE       =   ----    ----
   DATA SIZE        =     22       3
   IDATA SIZE       =   ----    ----
   BIT SIZE         =      2    ----
END OF MODULE INFORMATION.


C51 COMPILATION COMPLETE.  0 WARNING(S),  0 ERROR(S)
