C51 COMPILER V9.52.0.0   DELAY                                                             01/03/2019 08:50:40 PAGE 1   


C51 COMPILER V9.52.0.0, COMPILATION OF MODULE DELAY
OBJECT MODULE PLACED IN .\output\delay.obj
COMPILER INVOKED BY: d:\Keil\C51\BIN\C51.EXE source\delay.c BROWSE DEBUG OBJECTEXTEND PRINT(.\delay.lst) TABS(2) OBJECT(
                    -.\output\delay.obj)

line level    source

   1          #include "STC15F2K60S2.H"
   2          #include "delay.h"
   3          #include <intrins.h>
   4          
   5          #define  uint unsigned int
   6          
   7          //==============================================================================
   8          // —” ±
   9          //==============================================================================
  10          
  11          void Delay10ms()    //@11.0592MHz
  12          {
  13   1        unsigned char i, j;
  14   1      
  15   1        i = 108;
  16   1        j = 145;
  17   1        do
  18   1        {
  19   2          while (--j);
  20   2        } while (--i);
  21   1      }
  22          
  23          void Delay500ms()   //@11.0592MHz
  24          {
  25   1        unsigned char i, j, k;
  26   1      
  27   1        _nop_();
  28   1        _nop_();
  29   1        i = 22;
  30   1        j = 3;
  31   1        k = 227;
  32   1        do
  33   1        {
  34   2          do
  35   2          {
  36   3            while (--k);
  37   3          } while (--j);
  38   2        } while (--i);
  39   1      }
  40          
  41          
  42          void delay1us(uint t)   //ŒÛ≤Ó -0.095775462963us
  43          
  44          {
  45   1        while(t--)
  46   1        {
  47   2          ;
  48   2        }
  49   1      
  50   1      
  51   1      }
  52          


C51 COMPILER V9.52.0.0   DELAY                                                             01/03/2019 08:50:40 PAGE 2   

MODULE INFORMATION:   STATIC OVERLAYABLE
   CODE SIZE        =     35    ----
   CONSTANT SIZE    =   ----    ----
   XDATA SIZE       =   ----    ----
   PDATA SIZE       =   ----    ----
   DATA SIZE        =   ----    ----
   IDATA SIZE       =   ----    ----
   BIT SIZE         =   ----    ----
END OF MODULE INFORMATION.


C51 COMPILATION COMPLETE.  0 WARNING(S),  0 ERROR(S)
